2020-09-24 19:32:18.907 [main] INFO  com.shenhao.cac.CacApplication - Starting CacApplication on nanadeMacBook-Pro.local with PID 28005 (/Users/nana/IdeaProjects1/cac/target/classes started by nana in /Users/nana/IdeaProjects1/cac)
2020-09-24 19:32:18.913 [main] INFO  com.shenhao.cac.CacApplication - The following profiles are active: dev
2020-09-24 19:32:19.930 [main] INFO  org.springframework.data.repository.config.RepositoryConfigurationDelegate - Multiple Spring Data modules found, entering strict repository configuration mode!
2020-09-24 19:32:19.933 [main] INFO  org.springframework.data.repository.config.RepositoryConfigurationDelegate - Bootstrapping Spring Data repositories in DEFAULT mode.
2020-09-24 19:32:19.968 [main] INFO  org.springframework.data.repository.config.RepositoryConfigurationDelegate - Finished Spring Data repository scanning in 24ms. Found 0 repository interfaces.
2020-09-24 19:32:20.332 [main] INFO  org.springframework.context.support.PostProcessorRegistrationDelegate$BeanPostProcessorChecker - Bean 'redisConfig' of type [com.shenhao.cac.system.config.RedisConfig$$EnhancerBySpringCGLIB$$d68fdd7] is not eligible for getting processed by all BeanPostProcessors (for example: not eligible for auto-proxying)
2020-09-24 19:32:20.350 [main] INFO  org.springframework.context.support.PostProcessorRegistrationDelegate$BeanPostProcessorChecker - Bean 'org.springframework.security.config.annotation.configuration.ObjectPostProcessorConfiguration' of type [org.springframework.security.config.annotation.configuration.ObjectPostProcessorConfiguration$$EnhancerBySpringCGLIB$$23224f28] is not eligible for getting processed by all BeanPostProcessors (for example: not eligible for auto-proxying)
2020-09-24 19:32:20.360 [main] INFO  org.springframework.context.support.PostProcessorRegistrationDelegate$BeanPostProcessorChecker - Bean 'org.springframework.transaction.annotation.ProxyTransactionManagementConfiguration' of type [org.springframework.transaction.annotation.ProxyTransactionManagementConfiguration$$EnhancerBySpringCGLIB$$8a7486ee] is not eligible for getting processed by all BeanPostProcessors (for example: not eligible for auto-proxying)
2020-09-24 19:32:20.378 [main] INFO  org.springframework.context.support.PostProcessorRegistrationDelegate$BeanPostProcessorChecker - Bean 'objectPostProcessor' of type [org.springframework.security.config.annotation.configuration.AutowireBeanFactoryObjectPostProcessor] is not eligible for getting processed by all BeanPostProcessors (for example: not eligible for auto-proxying)
2020-09-24 19:32:20.380 [main] INFO  org.springframework.context.support.PostProcessorRegistrationDelegate$BeanPostProcessorChecker - Bean 'org.springframework.security.access.expression.method.DefaultMethodSecurityExpressionHandler@20801cbb' of type [org.springframework.security.access.expression.method.DefaultMethodSecurityExpressionHandler] is not eligible for getting processed by all BeanPostProcessors (for example: not eligible for auto-proxying)
2020-09-24 19:32:20.381 [main] INFO  org.springframework.context.support.PostProcessorRegistrationDelegate$BeanPostProcessorChecker - Bean 'org.springframework.security.config.annotation.method.configuration.GlobalMethodSecurityConfiguration' of type [org.springframework.security.config.annotation.method.configuration.GlobalMethodSecurityConfiguration$$EnhancerBySpringCGLIB$$47f6f1da] is not eligible for getting processed by all BeanPostProcessors (for example: not eligible for auto-proxying)
2020-09-24 19:32:20.384 [main] INFO  org.springframework.context.support.PostProcessorRegistrationDelegate$BeanPostProcessorChecker - Bean 'methodSecurityMetadataSource' of type [org.springframework.security.access.method.DelegatingMethodSecurityMetadataSource] is not eligible for getting processed by all BeanPostProcessors (for example: not eligible for auto-proxying)
2020-09-24 19:32:20.743 [main] INFO  org.springframework.boot.web.embedded.tomcat.TomcatWebServer - Tomcat initialized with port(s): 8800 (http)
2020-09-24 19:32:20.755 [main] INFO  org.apache.coyote.http11.Http11NioProtocol - Initializing ProtocolHandler ["http-nio-8800"]
2020-09-24 19:32:20.762 [main] INFO  org.apache.catalina.core.StandardService - Starting service [Tomcat]
2020-09-24 19:32:20.762 [main] INFO  org.apache.catalina.core.StandardEngine - Starting Servlet engine: [Apache Tomcat/9.0.19]
2020-09-24 19:32:20.849 [main] INFO  org.apache.catalina.core.ContainerBase.[Tomcat].[localhost].[/thyme] - Initializing Spring embedded WebApplicationContext
2020-09-24 19:32:20.849 [main] INFO  org.springframework.web.context.ContextLoader - Root WebApplicationContext: initialization completed in 1896 ms
2020-09-24 19:32:21.350 [main] INFO  com.alibaba.druid.spring.boot.autoconfigure.DruidDataSourceAutoConfigure - Init DruidDataSource
2020-09-24 19:32:21.553 [main] INFO  com.alibaba.druid.pool.DruidDataSource - {dataSource-1} inited
2020-09-24 19:32:22.765 [main] INFO  com.shenhao.cac.system.config.filter.XssFilter - 初始化XssFilter过滤器....
2020-09-24 19:32:22.882 [main] WARN  com.baomidou.mybatisplus.core.toolkit.TableInfoHelper - Warn: Could not find @TableId in Class: com.shenhao.cac.system.entity.SysMenuRole.
2020-09-24 19:32:23.064 [main] WARN  com.baomidou.mybatisplus.core.toolkit.TableInfoHelper - Warn: Could not find @TableId in Class: com.shenhao.cac.system.entity.SysUserRole.
2020-09-24 19:32:23.112 [main] INFO  com.shenhao.cac.system.config.RedisConfig - 初始化 -> [Redis CacheErrorHandler]
2020-09-24 19:32:23.236 [main] INFO  org.springframework.security.web.DefaultSecurityFilterChain - Creating filter chain: any request, [org.springframework.security.web.context.request.async.WebAsyncManagerIntegrationFilter@35f01759, org.springframework.security.web.context.SecurityContextPersistenceFilter@727956bb, org.springframework.security.web.header.HeaderWriterFilter@74a5bef0, org.springframework.web.filter.CorsFilter@79b8ecb, org.springframework.security.web.authentication.logout.LogoutFilter@3b66ac74, com.shenhao.cac.system.config.filter.ValidateCodeFilter@18faaff6, org.springframework.security.web.authentication.UsernamePasswordAuthenticationFilter@2cce10bc, org.springframework.security.web.session.ConcurrentSessionFilter@6e017950, org.springframework.security.web.savedrequest.RequestCacheAwareFilter@ad5cffa, org.springframework.security.web.servletapi.SecurityContextHolderAwareRequestFilter@1d9bd1d6, org.springframework.security.web.authentication.AnonymousAuthenticationFilter@2fea9a7b, org.springframework.security.web.session.SessionManagementFilter@570ed9c, org.springframework.security.web.access.ExceptionTranslationFilter@5896b9f5, org.springframework.security.web.access.intercept.FilterSecurityInterceptor@b6136eb]
2020-09-24 19:32:23.422 [main] INFO  org.springframework.scheduling.concurrent.ThreadPoolTaskExecutor - Initializing ExecutorService 'applicationTaskExecutor'
2020-09-24 19:32:23.618 [main] INFO  org.springframework.boot.autoconfigure.web.servlet.WelcomePageHandlerMapping - Adding welcome page template: index
2020-09-24 19:32:24.178 [main] INFO  io.lettuce.core.EpollProvider - Starting without optional epoll library
2020-09-24 19:32:24.179 [main] INFO  io.lettuce.core.KqueueProvider - Starting without optional kqueue library
2020-09-24 19:32:30.024 [main] INFO  org.springframework.boot.actuate.endpoint.web.EndpointLinksResolver - Exposing 3 endpoint(s) beneath base path '/actuator'
2020-09-24 19:32:30.790 [main] INFO  org.springframework.scheduling.annotation.ScheduledAnnotationBeanPostProcessor - No TaskScheduler/ScheduledExecutorService bean found for scheduled processing
2020-09-24 19:32:30.805 [main] INFO  org.apache.coyote.http11.Http11NioProtocol - Starting ProtocolHandler ["http-nio-8800"]
2020-09-24 19:32:30.829 [main] INFO  org.springframework.boot.web.embedded.tomcat.TomcatWebServer - Tomcat started on port(s): 8800 (http) with context path '/thyme'
2020-09-24 19:32:30.834 [main] INFO  com.shenhao.cac.CacApplication - Started CacApplication in 37.321 seconds (JVM running for 48.076)
2020-09-24 19:32:31.371 [RMI TCP Connection(5)-172.16.20.16] INFO  org.apache.catalina.core.ContainerBase.[Tomcat].[localhost].[/thyme] - Initializing Spring DispatcherServlet 'dispatcherServlet'
2020-09-24 19:32:31.371 [RMI TCP Connection(5)-172.16.20.16] INFO  org.springframework.web.servlet.DispatcherServlet - Initializing Servlet 'dispatcherServlet'
2020-09-24 19:32:31.387 [RMI TCP Connection(5)-172.16.20.16] INFO  org.springframework.web.servlet.DispatcherServlet - Completed initialization in 16 ms
2020-09-24 19:32:45.061 [http-nio-8800-exec-2] WARN  org.springframework.web.servlet.PageNotFound - No mapping for GET /thyme/invalid_session
2020-09-24 19:32:58.072 [http-nio-8800-exec-5] WARN  oshi.software.os.mac.MacOSVersionInfoEx - Unable to parse version 10.15.6 to a codename.
